<?xml version="1.0" encoding="UTF-8"?>
<robot generator="Robot 5.0.1 (Python 3.9.13 on darwin)" generated="20230518 19:46:21.651" rpa="true" schemaversion="3">
<suite id="s1" name="Tasks" source="/Users/davebernier/Projects/robocorp-cert/level2/tasks.robot">
<test id="s1-t1" name="Order robots from RobotSpareBin Industries Inc" line="23">
<kw name="Create Zip of receipts">
<kw name="Archive Folder With Zip" library="RPA.Archive">
<arg>${OUTPUT_DIR}${/}receipts</arg>
<arg>${OUTPUT_DIR}${/}receipts.zip</arg>
<doc>Create a zip archive of a folder</doc>
<status status="PASS" starttime="20230518 19:46:24.036" endtime="20230518 19:46:24.043"/>
</kw>
<status status="PASS" starttime="20230518 19:46:24.035" endtime="20230518 19:46:24.043"/>
</kw>
<kw name="Close Browser" library="RPA.Browser.Selenium" type="TEARDOWN">
<doc>Closes the current browser.</doc>
<status status="PASS" starttime="20230518 19:46:24.044" endtime="20230518 19:46:24.044"/>
</kw>
<status status="PASS" starttime="20230518 19:46:24.034" endtime="20230518 19:46:24.045"/>
</test>
<doc>Orders robots from RobotSpareBin Industries Inc.
Saves the order HTML receipt as a PDF file.
Saves the screenshot of the ordered robot.
Embeds the screenshot of the robot to the PDF receipt.
Creates ZIP archive of the receipts and the images.</doc>
<status status="PASS" starttime="20230518 19:46:21.663" endtime="20230518 19:46:24.046"/>
</suite>
<statistics>
<total>
<stat pass="1" fail="0" skip="0">All Tasks</stat>
</total>
<tag>
</tag>
<suite>
<stat pass="1" fail="0" skip="0" id="s1" name="Tasks">Tasks</stat>
</suite>
</statistics>
<errors>
</errors>
</robot>
